<?xml version='1.0' encoding='UTF-8'?>
<testsuite hostname="Asher" name="IntegrationSpec" tests="1" errors="0" failures="1" time="4.232">
                     <properties>
[...]
</properties>
                     <testcase classname="IntegrationSpec" name="Application should work from within a browser" time="4.232">
                                                 <failure message="Timeout after 1001ms of waiting for a connection." type="sbt.ForkMain$ForkError">sbt.ForkMain$ForkError: Timeout after 1001ms of waiting for a connection.
	at com.zaxxer.hikari.pool.BaseHikariPool.getConnection(BaseHikariPool.java:227)
	at com.zaxxer.hikari.pool.BaseHikariPool.getConnection(BaseHikariPool.java:182)
	at com.zaxxer.hikari.HikariDataSource.getConnection(HikariDataSource.java:93)
	at slick.jdbc.HikariCPJdbcDataSource.createConnection(JdbcDataSource.scala:131)
	at slick.jdbc.JdbcBackend$BaseSession.conn$lzycompute(JdbcBackend.scala:394)
	at slick.jdbc.JdbcBackend$BaseSession.conn(JdbcBackend.scala:394)
	at play.api.db.slick.evolutions.internal.DBApiAdapter$DatabaseAdapter.getConnection(DBApiAdapter.scala:54)
	at play.api.db.slick.evolutions.internal.DBApiAdapter$DatabaseAdapter.getConnection(DBApiAdapter.scala:56)
	at play.api.db.evolutions.DatabaseEvolutions.databaseEvolutions(EvolutionsApi.scala:119)
	at play.api.db.evolutions.DatabaseEvolutions.scripts(EvolutionsApi.scala:97)
	at play.api.db.evolutions.DatabaseEvolutions.scripts(EvolutionsApi.scala:112)
	at play.api.db.evolutions.DefaultEvolutionsApi.scripts(EvolutionsApi.scala:77)
	at play.api.db.evolutions.ApplicationEvolutions$$anonfun$play$api$db$evolutions$ApplicationEvolutions$$runEvolutions$1.apply$mcV$sp(ApplicationEvolutions.scala:50)
	at play.api.db.evolutions.ApplicationEvolutions.withLock(ApplicationEvolutions.scala:98)
	at play.api.db.evolutions.ApplicationEvolutions.play$api$db$evolutions$ApplicationEvolutions$$runEvolutions(ApplicationEvolutions.scala:49)
	at play.api.db.evolutions.ApplicationEvolutions$$anonfun$start$1.apply(ApplicationEvolutions.scala:42)
	at play.api.db.evolutions.ApplicationEvolutions$$anonfun$start$1.apply(ApplicationEvolutions.scala:42)
	at scala.collection.immutable.Stream.foreach(Stream.scala:594)
	at play.api.db.evolutions.ApplicationEvolutions.start(ApplicationEvolutions.scala:42)
	at play.api.db.evolutions.ApplicationEvolutions.&lt;init&gt;(ApplicationEvolutions.scala:149)
	at play.api.db.evolutions.ApplicationEvolutionsProvider.get$lzycompute(EvolutionsModule.scala:53)
	at play.api.db.evolutions.ApplicationEvolutionsProvider.get(EvolutionsModule.scala:53)
	at play.api.db.evolutions.ApplicationEvolutionsProvider.get(EvolutionsModule.scala:44)
	at com.google.inject.internal.ProviderInternalFactory.provision(ProviderInternalFactory.java:81)
	at com.google.inject.internal.BoundProviderFactory.provision(BoundProviderFactory.java:72)
	at com.google.inject.internal.ProviderInternalFactory.circularGet(ProviderInternalFactory.java:61)
	at com.google.inject.internal.BoundProviderFactory.get(BoundProviderFactory.java:62)
	at com.google.inject.internal.ProviderToInternalFactoryAdapter$1.call(ProviderToInternalFactoryAdapter.java:46)
	at com.google.inject.internal.InjectorImpl.callInContext(InjectorImpl.java:1103)
	at com.google.inject.internal.ProviderToInternalFactoryAdapter.get(ProviderToInternalFactoryAdapter.java:40)
	at com.google.inject.internal.SingletonScope$1.get(SingletonScope.java:145)
	at com.google.inject.internal.InternalFactoryToProviderAdapter.get(InternalFactoryToProviderAdapter.java:41)
	at com.google.inject.internal.InternalInjectorCreator$1.call(InternalInjectorCreator.java:205)
	at com.google.inject.internal.InternalInjectorCreator$1.call(InternalInjectorCreator.java:199)
	at com.google.inject.internal.InjectorImpl.callInContext(InjectorImpl.java:1092)
	at com.google.inject.internal.InternalInjectorCreator.loadEagerSingletons(InternalInjectorCreator.java:199)
	at com.google.inject.internal.InternalInjectorCreator.injectDynamically(InternalInjectorCreator.java:180)
	at com.google.inject.internal.InternalInjectorCreator.build(InternalInjectorCreator.java:110)
	at com.google.inject.Guice.createInjector(Guice.java:96)
	at com.google.inject.Guice.createInjector(Guice.java:84)
	at play.api.inject.guice.GuiceBuilder.injector(GuiceInjectorBuilder.scala:181)
	at play.api.inject.guice.GuiceApplicationBuilder.build(GuiceApplicationBuilder.scala:123)
	at play.api.test.FakeApplication.&lt;init&gt;(Fakes.scala:209)
	at org.scalatestplus.play.OneServerPerTest$class.newAppForTest(OneServerPerTest.scala:91)
	at IntegrationSpec.newAppForTest(IntegrationSpec.scala:9)
	at org.scalatestplus.play.OneServerPerTest$class.withFixture(OneServerPerTest.scala:108)
	at IntegrationSpec.org$scalatestplus$play$OneBrowserPerTest$$super$withFixture(IntegrationSpec.scala:9)
	at org.scalatestplus.play.OneBrowserPerTest$class.withFixture(OneBrowserPerTest.scala:125)
	at IntegrationSpec.withFixture(IntegrationSpec.scala:9)
	at org.scalatest.WordSpecLike$class.invokeWithFixture$1(WordSpecLike.scala:950)
	at org.scalatest.WordSpecLike$$anonfun$runTest$1.apply(WordSpecLike.scala:962)
	at org.scalatest.WordSpecLike$$anonfun$runTest$1.apply(WordSpecLike.scala:962)
	at org.scalatest.SuperEngine.runTestImpl(Engine.scala:306)
	at org.scalatest.WordSpecLike$class.runTest(WordSpecLike.scala:962)
	at org.scalatest.WordSpec.runTest(WordSpec.scala:1881)
	at org.scalatest.WordSpecLike$$anonfun$runTests$1.apply(WordSpecLike.scala:1021)
	at org.scalatest.WordSpecLike$$anonfun$runTests$1.apply(WordSpecLike.scala:1021)
	at org.scalatest.SuperEngine$$anonfun$traverseSubNodes$1$1.apply(Engine.scala:413)
	at org.scalatest.SuperEngine$$anonfun$traverseSubNodes$1$1.apply(Engine.scala:401)
	at scala.collection.immutable.List.foreach(List.scala:381)
	at org.scalatest.SuperEngine.traverseSubNodes$1(Engine.scala:401)
	at org.scalatest.SuperEngine.org$scalatest$SuperEngine$$runTestsInBranch(Engine.scala:390)
	at org.scalatest.SuperEngine$$anonfun$traverseSubNodes$1$1.apply(Engine.scala:427)
	at org.scalatest.SuperEngine$$anonfun$traverseSubNodes$1$1.apply(Engine.scala:401)
	at scala.collection.immutable.List.foreach(List.scala:381)
	at org.scalatest.SuperEngine.traverseSubNodes$1(Engine.scala:401)
	at org.scalatest.SuperEngine.org$scalatest$SuperEngine$$runTestsInBranch(Engine.scala:396)
	at org.scalatest.SuperEngine.runTestsImpl(Engine.scala:483)
	at org.scalatest.WordSpecLike$class.runTests(WordSpecLike.scala:1021)
	at org.scalatest.WordSpec.runTests(WordSpec.scala:1881)
	at org.scalatest.Suite$class.run(Suite.scala:1424)
	at org.scalatest.WordSpec.org$scalatest$WordSpecLike$$super$run(WordSpec.scala:1881)
	at org.scalatest.WordSpecLike$$anonfun$run$1.apply(WordSpecLike.scala:1067)
	at org.scalatest.WordSpecLike$$anonfun$run$1.apply(WordSpecLike.scala:1067)
	at org.scalatest.SuperEngine.runImpl(Engine.scala:545)
	at org.scalatest.WordSpecLike$class.run(WordSpecLike.scala:1067)
	at org.scalatest.WordSpec.run(WordSpec.scala:1881)
	at org.scalatest.tools.Framework.org$scalatest$tools$Framework$$runSuite(Framework.scala:357)
	at org.scalatest.tools.Framework$ScalaTestTask.execute(Framework.scala:502)
	at sbt.ForkMain$Run$2.call(ForkMain.java:294)
	at sbt.ForkMain$Run$2.call(ForkMain.java:284)
	at java.util.concurrent.FutureTask.run(Unknown Source)
	at java.util.concurrent.ThreadPoolExecutor.runWorker(Unknown Source)
	at java.util.concurrent.ThreadPoolExecutor$Worker.run(Unknown Source)
	at java.lang.Thread.run(Unknown Source)
Caused by: sbt.ForkMain$ForkError: Database may be already in use: &quot;C:/Users/Asher/ticket-overlords/db/overlord.mv.db&quot;. Possible solutions: close all other connection(s); use the server mode [90020-187]
	at org.h2.message.DbException.getJdbcSQLException(DbException.java:345)
	at org.h2.message.DbException.get(DbException.java:168)
	at org.h2.mvstore.db.MVTableEngine.init(MVTableEngine.java:108)
	at org.h2.engine.Database.getPageStore(Database.java:2389)
	at org.h2.engine.Database.open(Database.java:669)
	at org.h2.engine.Database.openDatabase(Database.java:266)
	at org.h2.engine.Database.&lt;init&gt;(Database.java:260)
	at org.h2.engine.Engine.openSession(Engine.java:60)
	at org.h2.engine.Engine.openSession(Engine.java:167)
	at org.h2.engine.Engine.createSessionAndValidate(Engine.java:145)
	at org.h2.engine.Engine.createSession(Engine.java:128)
	at org.h2.engine.Engine.createSession(Engine.java:26)
	at org.h2.engine.SessionRemote.connectEmbeddedOrServer(SessionRemote.java:347)
	at org.h2.jdbc.JdbcConnection.&lt;init&gt;(JdbcConnection.java:108)
	at org.h2.jdbc.JdbcConnection.&lt;init&gt;(JdbcConnection.java:92)
	at org.h2.Driver.connect(Driver.java:72)
	at com.zaxxer.hikari.util.DriverDataSource.getConnection(DriverDataSource.java:92)
	at com.zaxxer.hikari.util.DriverDataSource.getConnection(DriverDataSource.java:98)
	at com.zaxxer.hikari.pool.BaseHikariPool.addConnection(BaseHikariPool.java:438)
	at com.zaxxer.hikari.pool.BaseHikariPool$1.run(BaseHikariPool.java:413)
	at java.util.concurrent.Executors$RunnableAdapter.call(Unknown Source)
	... 4 more
Caused by: sbt.ForkMain$ForkError: The file is locked: nio:C:/Users/Asher/ticket-overlords/db/overlord.mv.db [1.4.187/7]
	at org.h2.mvstore.DataUtils.newIllegalStateException(DataUtils.java:773)
	at org.h2.mvstore.FileStore.open(FileStore.java:172)
	at org.h2.mvstore.MVStore.&lt;init&gt;(MVStore.java:337)
	at org.h2.mvstore.MVStore$Builder.open(MVStore.java:2782)
	at org.h2.mvstore.db.MVTableEngine$Store.&lt;init&gt;(MVTableEngine.java:162)
	at org.h2.mvstore.db.MVTableEngine.init(MVTableEngine.java:98)
	... 22 more
</failure>
                                               </testcase>
                     <system-out></system-out>
                     <system-err></system-err>
                   </testsuite>